<?xml version="1.0" encoding="UTF-8"?>
<testsuite xmlns:xsi="http://www.w3.org/2001/XMLSchema-instance" xsi:noNamespaceSchemaLocation="https://maven.apache.org/surefire/maven-surefire-plugin/xsd/surefire-test-report-3.0.xsd" version="3.0" name="com.ups.controller.AmazonApiControllerTest" time="3.887" tests="6" errors="0" skipped="0" failures="0">
  <properties>
[...]
</properties>
  <testcase name="testNotifyDeliveryComplete" classname="com.ups.controller.AmazonApiControllerTest" time="0.09">
    <system-out><![CDATA[13:32:46.282 [main] INFO org.springframework.test.context.support.AnnotationConfigContextLoaderUtils -- Could not detect default configuration classes for test class [com.ups.controller.AmazonApiControllerTest]: AmazonApiControllerTest does not declare any static, non-private, non-final, nested classes annotated with @Configuration.
13:32:46.396 [main] INFO org.springframework.boot.test.context.SpringBootTestContextBootstrapper -- Found @SpringBootConfiguration com.ups.UpsApplication for test class com.ups.controller.AmazonApiControllerTest

  .   ____          _            __ _ _
 /\\ / ___'_ __ _ _(_)_ __  __ _ \ \ \ \
( ( )\___ | '_ | '_| | '_ \/ _` | \ \ \ \
 \\/  ___)| |_)| | | | | || (_| |  ) ) ) )
  '  |____| .__|_| |_|_| |_\__, | / / / /
 =========|_|==============|___/=/_/_/_/
 :: Spring Boot ::                (v3.1.3)

2025-04-27T13:32:46.705-04:00  INFO 49018 --- [           main] c.u.controller.AmazonApiControllerTest   : Starting AmazonApiControllerTest using Java 17.0.14 with PID 49018 (started by root in /home/jt454/erss-project-ys467-jt454/ups-delivery-system)
2025-04-27T13:32:46.707-04:00  INFO 49018 --- [           main] c.u.controller.AmazonApiControllerTest   : No active profile set, falling back to 1 default profile: "default"
2025-04-27T13:32:47.202-04:00  INFO 49018 --- [           main] .s.d.r.c.RepositoryConfigurationDelegate : Bootstrapping Spring Data JPA repositories in DEFAULT mode.
2025-04-27T13:32:47.266-04:00  INFO 49018 --- [           main] .s.d.r.c.RepositoryConfigurationDelegate : Finished Spring Data repository scanning in 58 ms. Found 6 JPA repository interfaces.
2025-04-27T13:32:47.737-04:00  INFO 49018 --- [           main] o.hibernate.jpa.internal.util.LogHelper  : HHH000204: Processing PersistenceUnitInfo [name: default]
2025-04-27T13:32:47.775-04:00  INFO 49018 --- [           main] org.hibernate.Version                    : HHH000412: Hibernate ORM core version 6.2.7.Final
2025-04-27T13:32:47.777-04:00  INFO 49018 --- [           main] org.hibernate.cfg.Environment            : HHH000406: Using bytecode reflection optimizer
2025-04-27T13:32:47.879-04:00  INFO 49018 --- [           main] o.h.b.i.BytecodeProviderInitiator        : HHH000021: Bytecode provider name : bytebuddy
2025-04-27T13:32:47.885-04:00  INFO 49018 --- [           main] o.s.o.j.p.SpringPersistenceUnitInfo      : No LoadTimeWeaver setup: ignoring JPA class transformer
2025-04-27T13:32:47.912-04:00  INFO 49018 --- [           main] com.zaxxer.hikari.HikariDataSource       : HikariPool-1 - Starting...
2025-04-27T13:32:48.063-04:00  INFO 49018 --- [           main] com.zaxxer.hikari.pool.HikariPool        : HikariPool-1 - Added connection conn0: url=jdbc:h2:mem:testdb user=SA
2025-04-27T13:32:48.065-04:00  INFO 49018 --- [           main] com.zaxxer.hikari.HikariDataSource       : HikariPool-1 - Start completed.
2025-04-27T13:32:48.326-04:00  INFO 49018 --- [           main] o.h.b.i.BytecodeProviderInitiator        : HHH000021: Bytecode provider name : bytebuddy
2025-04-27T13:32:48.795-04:00  INFO 49018 --- [           main] o.h.e.t.j.p.i.JtaPlatformInitiator       : HHH000490: Using JtaPlatform implementation: [org.hibernate.engine.transaction.jta.platform.internal.NoJtaPlatform]
2025-04-27T13:32:48.843-04:00  INFO 49018 --- [           main] j.LocalContainerEntityManagerFactoryBean : Initialized JPA EntityManagerFactory for persistence unit 'default'
2025-04-27T13:32:49.275-04:00  INFO 49018 --- [           main] c.ups.service.AmazonNotificationService  : Using Amazon service URL from properties: http://amazon:8080
2025-04-27T13:32:49.361-04:00  WARN 49018 --- [           main] JpaBaseConfiguration$JpaWebConfiguration : spring.jpa.open-in-view is enabled by default. Therefore, database queries may be performed during view rendering. Explicitly configure spring.jpa.open-in-view to disable this warning
2025-04-27T13:32:49.477-04:00  INFO 49018 --- [           main] o.s.s.web.DefaultSecurityFilterChain     : Will secure any request with [org.springframework.security.web.session.DisableEncodeUrlFilter@39b265c9, org.springframework.security.web.context.request.async.WebAsyncManagerIntegrationFilter@2c64e2d0, org.springframework.security.web.context.SecurityContextHolderFilter@727eae52, org.springframework.security.web.header.HeaderWriterFilter@c9ba9e2, org.springframework.security.web.authentication.logout.LogoutFilter@48ebcce5, org.springframework.security.web.authentication.UsernamePasswordAuthenticationFilter@54d8236c, org.springframework.security.web.savedrequest.RequestCacheAwareFilter@7e32442d, org.springframework.security.web.servletapi.SecurityContextHolderAwareRequestFilter@27959922, org.springframework.security.web.authentication.AnonymousAuthenticationFilter@45da40ad, org.springframework.security.web.access.ExceptionTranslationFilter@57e6f449, org.springframework.security.web.access.intercept.AuthorizationFilter@5f6e6902]
2025-04-27T13:32:49.869-04:00  INFO 49018 --- [           main] o.s.b.t.m.w.SpringBootMockServletContext : Initializing Spring TestDispatcherServlet ''
2025-04-27T13:32:49.869-04:00  INFO 49018 --- [           main] o.s.t.web.servlet.TestDispatcherServlet  : Initializing Servlet ''
2025-04-27T13:32:49.870-04:00  INFO 49018 --- [           main] o.s.t.web.servlet.TestDispatcherServlet  : Completed initialization in 1 ms
2025-04-27T13:32:49.894-04:00  INFO 49018 --- [   scheduling-1] c.ups.service.AmazonNotificationService  : Starting scheduled retry of failed notifications
2025-04-27T13:32:49.895-04:00  INFO 49018 --- [   scheduling-1] c.ups.service.AmazonNotificationService  : Cleaning up response cache, current size: 0
2025-04-27T13:32:49.895-04:00  INFO 49018 --- [           main] c.u.controller.AmazonApiControllerTest   : Started AmazonApiControllerTest in 3.369 seconds (process running for 28.942)
2025-04-27T13:32:49.898-04:00  INFO 49018 --- [           main] c.u.config.WorldResponseStartupListener  : Started World Response Processor thread
2025-04-27T13:32:49.898-04:00  INFO 49018 --- [sponseProcessor] c.u.service.world.WorldResponseHandler   : Starting World Response Handler processing loop
2025-04-27T13:32:49.984-04:00  INFO 49018 --- [           main] com.ups.controller.AmazonApiController   : Received delivery complete notification for package: 1001, truck: 55
]]></system-out>
  </testcase>
  <testcase name="testUpdateShipmentStatus" classname="com.ups.controller.AmazonApiControllerTest" time="0.011">
    <system-out><![CDATA[2025-04-27T13:32:50.010-04:00  INFO 49018 --- [           main] com.ups.controller.AmazonApiController   : Received shipment status update for package: 1001, status: IN_TRANSIT
]]></system-out>
  </testcase>
  <testcase name="testCreateShipment" classname="com.ups.controller.AmazonApiControllerTest" time="0.049">
    <system-out><![CDATA[2025-04-27T13:32:50.025-04:00  INFO 49018 --- [           main] com.ups.controller.AmazonApiController   : Received createshipment request: 101
2025-04-27T13:32:50.026-04:00  INFO 49018 --- [           main] com.ups.controller.AmazonApiController   : Sending response with seq_num: 202
]]></system-out>
  </testcase>
  <testcase name="testQueryShipmentStatus" classname="com.ups.controller.AmazonApiControllerTest" time="0.014">
    <system-out><![CDATA[2025-04-27T13:32:50.072-04:00  INFO 49018 --- [           main] com.ups.controller.AmazonApiController   : Received queryshipmentstatus request for package: 1001
2025-04-27T13:32:50.073-04:00  WARN 49018 --- [           main] com.ups.controller.AmazonApiController   : Package not found with ID: 1001
]]></system-out>
  </testcase>
  <testcase name="testNotifyTruckArrived" classname="com.ups.controller.AmazonApiControllerTest" time="0.008">
    <system-out><![CDATA[2025-04-27T13:32:50.086-04:00  INFO 49018 --- [           main] com.ups.controller.AmazonApiController   : Received truck arrived notification for package: 1001, truck: 55
]]></system-out>
  </testcase>
  <testcase name="testChangeDestination" classname="com.ups.controller.AmazonApiControllerTest" time="0.014">
    <system-out><![CDATA[2025-04-27T13:32:50.097-04:00  INFO 49018 --- [           main] com.ups.controller.AmazonApiController   : Received changedestination request for package: 1001
2025-04-27T13:32:50.099-04:00  INFO 49018 --- [           main] com.ups.controller.AmazonApiController   : Updated delivery instructions for package 1001 to new destination (50,60)
2025-04-27T13:32:50.099-04:00  INFO 49018 --- [           main] com.ups.controller.AmazonApiController   : Successfully changed destination for package 1001 to (50,60)
]]></system-out>
  </testcase>
</testsuite>