<?xml version="1.0" encoding="UTF-8"?>
<testsuite xmlns:xsi="http://www.w3.org/2001/XMLSchema-instance" xsi:noNamespaceSchemaLocation="https://maven.apache.org/surefire/maven-surefire-plugin/xsd/surefire-test-report-3.0.xsd" version="3.0" name="com.ups.controller.AmazonApiControllerTest" time="4.468" tests="6" errors="0" skipped="0" failures="0">
  <properties>
[...]
</properties>
  <testcase name="testNotifyDeliveryComplete" classname="com.ups.controller.AmazonApiControllerTest" time="0.113">
    <system-out><![CDATA[15:55:06.038 [main] INFO org.springframework.test.context.support.AnnotationConfigContextLoaderUtils -- Could not detect default configuration classes for test class [com.ups.controller.AmazonApiControllerTest]: AmazonApiControllerTest does not declare any static, non-private, non-final, nested classes annotated with @Configuration.
15:55:06.169 [main] INFO org.springframework.boot.test.context.SpringBootTestContextBootstrapper -- Found @SpringBootConfiguration com.ups.UpsApplication for test class com.ups.controller.AmazonApiControllerTest

  .   ____          _            __ _ _
 /\\ / ___'_ __ _ _(_)_ __  __ _ \ \ \ \
( ( )\___ | '_ | '_| | '_ \/ _` | \ \ \ \
 \\/  ___)| |_)| | | | | || (_| |  ) ) ) )
  '  |____| .__|_| |_|_| |_\__, | / / / /
 =========|_|==============|___/=/_/_/_/
 :: Spring Boot ::                (v3.1.3)

2025-04-27T15:55:06.512-04:00  INFO 70111 --- [           main] c.u.controller.AmazonApiControllerTest   : Starting AmazonApiControllerTest using Java 17.0.14 with PID 70111 (started by root in /home/jt454/erss-project-ys467-jt454/ups-delivery-system)
2025-04-27T15:55:06.514-04:00  INFO 70111 --- [           main] c.u.controller.AmazonApiControllerTest   : No active profile set, falling back to 1 default profile: "default"
2025-04-27T15:55:07.056-04:00  INFO 70111 --- [           main] .s.d.r.c.RepositoryConfigurationDelegate : Bootstrapping Spring Data JPA repositories in DEFAULT mode.
2025-04-27T15:55:07.118-04:00  INFO 70111 --- [           main] .s.d.r.c.RepositoryConfigurationDelegate : Finished Spring Data repository scanning in 55 ms. Found 6 JPA repository interfaces.
2025-04-27T15:55:07.821-04:00  INFO 70111 --- [           main] o.s.o.j.p.SpringPersistenceUnitInfo      : No LoadTimeWeaver setup: ignoring JPA class transformer
2025-04-27T15:55:07.834-04:00  INFO 70111 --- [           main] com.zaxxer.hikari.HikariDataSource       : HikariPool-1 - Starting...
2025-04-27T15:55:07.996-04:00  INFO 70111 --- [           main] com.zaxxer.hikari.pool.HikariPool        : HikariPool-1 - Added connection conn0: url=jdbc:h2:mem:upsdb user=SA
2025-04-27T15:55:07.997-04:00  INFO 70111 --- [           main] com.zaxxer.hikari.HikariDataSource       : HikariPool-1 - Start completed.
Hibernate: 
    create table message_logs (
        id bigint generated by default as identity,
        acknowledged timestamp(6) with time zone,
        direction varchar(255),
        error_message varchar(255),
        message_type varchar(255),
        seq_num bigint,
        timestamp timestamp(6) with time zone,
        primary key (id)
    )
Hibernate: 
    create table package_item (
        id bigint generated by default as identity,
        count integer,
        description varchar(255),
        product_id bigint,
        package_id bigint,
        primary key (id)
    )
Hibernate: 
    create table packages (
        id bigint not null,
        created_at timestamp(6) with time zone,
        destinationx integer,
        destinationy integer,
        status varchar(255) check (status in ('CREATED','PACKING','PACKED','ASSIGNED','PICKUP_READY','LOADING','LOADED','OUT_FOR_DELIVERY','DELIVERING','DELIVERED','FAILED')),
        updated_at timestamp(6) with time zone,
        truck_id integer,
        user_id bigint,
        warehouse_id integer,
        primary key (id)
    )
Hibernate: 
    create table truck (
        id integer not null,
        status varchar(255) check (status in ('IDLE','TRAVELING','ARRIVE_WAREHOUSE','LOADING','DELIVERING')),
        x integer,
        y integer,
        primary key (id)
    )
Hibernate: 
    create table users (
        id bigint generated by default as identity,
        email varchar(255),
        enabled boolean not null,
        password varchar(255),
        username varchar(255),
        primary key (id)
    )
Hibernate: 
    create table warehouse (
        id integer not null,
        x integer,
        y integer,
        primary key (id)
    )
Hibernate: 
    create index idx_message_log_seq_num 
       on message_logs (seq_num)
Hibernate: 
    create index idx_message_log_timestamp 
       on message_logs (timestamp)
Hibernate: 
    create index idx_message_log_direction 
       on message_logs (direction)
Hibernate: 
    alter table if exists users 
       drop constraint if exists UK_6dotkott2kjsp8vw4d0m25fb7
Hibernate: 
    alter table if exists users 
       add constraint UK_6dotkott2kjsp8vw4d0m25fb7 unique (email)
Hibernate: 
    alter table if exists users 
       drop constraint if exists UK_r43af9ap4edm43mmtq01oddj6
Hibernate: 
    alter table if exists users 
       add constraint UK_r43af9ap4edm43mmtq01oddj6 unique (username)
Hibernate: 
    create sequence truck_seq start with 1 increment by 50
Hibernate: 
    alter table if exists package_item 
       add constraint FKnns4sgxb4vcfuos460dyr3tii 
       foreign key (package_id) 
       references packages
Hibernate: 
    alter table if exists packages 
       add constraint FK1l3cow02gm6ypmth828yyf39w 
       foreign key (truck_id) 
       references truck
Hibernate: 
    alter table if exists packages 
       add constraint FKcj3syi9lcukrlsh6o4llk0t8f 
       foreign key (user_id) 
       references users
Hibernate: 
    alter table if exists packages 
       add constraint FKow5fgj4kedc0c766qmcb0sjd0 
       foreign key (warehouse_id) 
       references warehouse
2025-04-27T15:55:08.771-04:00  INFO 70111 --- [           main] j.LocalContainerEntityManagerFactoryBean : Initialized JPA EntityManagerFactory for persistence unit 'default'
2025-04-27T15:55:09.198-04:00  INFO 70111 --- [           main] o.s.d.j.r.query.QueryEnhancerFactory     : Hibernate is in classpath; If applicable, HQL parser will be used.
2025-04-27T15:55:09.578-04:00  INFO 70111 --- [           main] c.ups.service.AmazonNotificationService  : Initializing Amazon Notification Service with URL: http://localhost:8081
2025-04-27T15:55:09.655-04:00  WARN 70111 --- [           main] JpaBaseConfiguration$JpaWebConfiguration : spring.jpa.open-in-view is enabled by default. Therefore, database queries may be performed during view rendering. Explicitly configure spring.jpa.open-in-view to disable this warning
2025-04-27T15:55:09.789-04:00  INFO 70111 --- [           main] o.s.s.web.DefaultSecurityFilterChain     : Will secure any request with [org.springframework.security.web.session.DisableEncodeUrlFilter@393e6bdd, org.springframework.security.web.context.request.async.WebAsyncManagerIntegrationFilter@7d5e165, org.springframework.security.web.context.SecurityContextHolderFilter@49842c0d, org.springframework.security.web.header.HeaderWriterFilter@1b94df68, org.springframework.security.web.csrf.CsrfFilter@33b3e47, org.springframework.security.web.authentication.logout.LogoutFilter@1cf5236d, org.springframework.security.web.authentication.UsernamePasswordAuthenticationFilter@2153f0d7, org.springframework.security.web.savedrequest.RequestCacheAwareFilter@5e05f3eb, org.springframework.security.web.servletapi.SecurityContextHolderAwareRequestFilter@1b3fff29, org.springframework.security.web.authentication.AnonymousAuthenticationFilter@7adf0ff9, org.springframework.security.web.access.ExceptionTranslationFilter@7db644d5, org.springframework.security.web.access.intercept.AuthorizationFilter@253c82ad]
2025-04-27T15:55:10.099-04:00  INFO 70111 --- [           main] o.s.b.a.h2.H2ConsoleAutoConfiguration    : H2 console available at '/h2-console'. Database available at 'jdbc:h2:mem:upsdb'
2025-04-27T15:55:10.173-04:00  INFO 70111 --- [           main] o.s.b.t.m.w.SpringBootMockServletContext : Initializing Spring TestDispatcherServlet ''
2025-04-27T15:55:10.173-04:00  INFO 70111 --- [           main] o.s.t.web.servlet.TestDispatcherServlet  : Initializing Servlet ''
2025-04-27T15:55:10.174-04:00  INFO 70111 --- [           main] o.s.t.web.servlet.TestDispatcherServlet  : Completed initialization in 1 ms
2025-04-27T15:55:10.199-04:00  INFO 70111 --- [   scheduling-1] c.ups.service.AmazonNotificationService  : Cleaning up response cache, current size: 0
2025-04-27T15:55:10.200-04:00  INFO 70111 --- [           main] c.u.controller.AmazonApiControllerTest   : Started AmazonApiControllerTest in 3.905 seconds (process running for 24.701)
2025-04-27T15:55:10.203-04:00  INFO 70111 --- [           main] c.u.config.WorldResponseStartupListener  : Started World Response Processor thread
2025-04-27T15:55:10.203-04:00  INFO 70111 --- [sponseProcessor] com.ups.config.WorldResponseConfig       : Starting World Response Processor thread
2025-04-27T15:55:10.203-04:00  INFO 70111 --- [sponseProcessor] c.u.service.world.WorldResponseHandler   : Starting World Response Handler processing loop
Hibernate: 
    select
        m1_0.id 
    from
        message_logs m1_0 
    where
        m1_0.acknowledged is null 
        and m1_0.direction=?
2025-04-27T15:55:10.312-04:00  INFO 70111 --- [           main] com.ups.controller.AmazonApiController   : Received delivery complete notification for package: 1001, truck: 55
]]></system-out>
  </testcase>
  <testcase name="testUpdateShipmentStatus" classname="com.ups.controller.AmazonApiControllerTest" time="0.01">
    <system-out><![CDATA[2025-04-27T15:55:10.336-04:00  INFO 70111 --- [           main] com.ups.controller.AmazonApiController   : Received shipment status update for package: 1001, status: IN_TRANSIT
]]></system-out>
  </testcase>
  <testcase name="testCreateShipment" classname="com.ups.controller.AmazonApiControllerTest" time="0.052">
    <system-out><![CDATA[2025-04-27T15:55:10.350-04:00  INFO 70111 --- [           main] com.ups.controller.AmazonApiController   : Received createshipment request: 101
2025-04-27T15:55:10.351-04:00  INFO 70111 --- [           main] com.ups.controller.AmazonApiController   : Sending response with seq_num: 202
]]></system-out>
  </testcase>
  <testcase name="testQueryShipmentStatus" classname="com.ups.controller.AmazonApiControllerTest" time="0.013">
    <system-out><![CDATA[2025-04-27T15:55:10.399-04:00  INFO 70111 --- [           main] com.ups.controller.AmazonApiController   : Received queryshipmentstatus request for package: 1001
2025-04-27T15:55:10.400-04:00  WARN 70111 --- [           main] com.ups.controller.AmazonApiController   : Package not found with ID: 1001
]]></system-out>
  </testcase>
  <testcase name="testNotifyTruckArrived" classname="com.ups.controller.AmazonApiControllerTest" time="0.008">
    <system-out><![CDATA[2025-04-27T15:55:10.413-04:00  INFO 70111 --- [           main] com.ups.controller.AmazonApiController   : Received truck arrived notification for package: 1001, truck: 55
]]></system-out>
  </testcase>
  <testcase name="testChangeDestination" classname="com.ups.controller.AmazonApiControllerTest" time="0.012">
    <system-out><![CDATA[2025-04-27T15:55:10.423-04:00  INFO 70111 --- [           main] com.ups.controller.AmazonApiController   : Received changedestination request for package: 1001
2025-04-27T15:55:10.425-04:00  INFO 70111 --- [           main] com.ups.controller.AmazonApiController   : Updated delivery instructions for package 1001 to new destination (50,60)
2025-04-27T15:55:10.425-04:00  INFO 70111 --- [           main] com.ups.controller.AmazonApiController   : Successfully changed destination for package 1001 to (50,60)
]]></system-out>
  </testcase>
</testsuite>